2024-12-27 08:42:18 Loading main app package /tmp/.mount_ObsidinxVvlz/resources/obsidian.asar
2024-12-27 08:42:19 Checking for update using Github
2024-12-27 08:42:19 Success.
2024-12-27 08:42:19 Latest version is 1.7.7
2024-12-27 08:42:19 App is up to date.
2024-12-27 08:43:28 Loading main app package /tmp/.mount_obsidibQTQbu/resources/obsidian.asar
2024-12-27 08:43:29 Checking for update using Github
2024-12-27 08:43:29 Success.
2024-12-27 08:43:29 Latest version is 1.7.7
2024-12-27 08:43:29 App is up to date.
2024-12-27 08:44:52 Loading main app package /tmp/.mount_obsidixWj0KK/resources/obsidian.asar
2024-12-27 08:44:52 Checking for update using Github
2024-12-27 08:44:52 Success.
2024-12-27 08:44:52 Latest version is 1.7.7
2024-12-27 08:44:52 App is up to date.
2025-01-11 08:10:06 Loading main app package /tmp/.mount_obsidiY9sXp1/resources/obsidian.asar
2025-01-11 08:10:06 Checking for update using Github
2025-01-11 08:10:06 Success.
2025-01-11 08:10:06 Latest version is 1.7.7
2025-01-11 08:10:06 App is up to date.
